2025-09-07 20:16:46,598 INFO o.a.j.u.JMeterUtils: Setting Locale to en_EN
2025-09-07 20:16:46,631 INFO o.a.j.JMeter: Loading user properties from: D:\JMETER\apache-jmeter-5.6.3\apache-jmeter-5.6.3\bin\user.properties
2025-09-07 20:16:46,631 INFO o.a.j.JMeter: Loading system properties from: D:\JMETER\apache-jmeter-5.6.3\apache-jmeter-5.6.3\bin\system.properties
2025-09-07 20:16:46,645 INFO o.a.j.JMeter: Copyright (c) 1998-2024 The Apache Software Foundation
2025-09-07 20:16:46,645 INFO o.a.j.JMeter: Version 5.6.3
2025-09-07 20:16:46,645 INFO o.a.j.JMeter: java.version=21.0.8
2025-09-07 20:16:46,645 INFO o.a.j.JMeter: java.vm.name=Java HotSpot(TM) 64-Bit Server VM
2025-09-07 20:16:46,645 INFO o.a.j.JMeter: os.name=Windows 11
2025-09-07 20:16:46,647 INFO o.a.j.JMeter: os.arch=amd64
2025-09-07 20:16:46,647 INFO o.a.j.JMeter: os.version=10.0
2025-09-07 20:16:46,647 INFO o.a.j.JMeter: file.encoding=UTF-8
2025-09-07 20:16:46,647 INFO o.a.j.JMeter: java.awt.headless=true
2025-09-07 20:16:46,647 INFO o.a.j.JMeter: Max memory     =1073741824
2025-09-07 20:16:46,647 INFO o.a.j.JMeter: Available Processors =8
2025-09-07 20:16:46,662 INFO o.a.j.JMeter: Default Locale=English (EN)
2025-09-07 20:16:46,662 INFO o.a.j.JMeter: JMeter  Locale=English (EN)
2025-09-07 20:16:46,662 INFO o.a.j.JMeter: JMeterHome=D:\JMETER\apache-jmeter-5.6.3\apache-jmeter-5.6.3
2025-09-07 20:16:46,662 INFO o.a.j.JMeter: user.dir  =D:\JMETER\apache-jmeter-5.6.3\apache-jmeter-5.6.3\bin\Practise\jmeter_assignment2
2025-09-07 20:16:46,662 INFO o.a.j.JMeter: PWD       =D:\JMETER\apache-jmeter-5.6.3\apache-jmeter-5.6.3\bin\Practise\jmeter_assignment2
2025-09-07 20:16:46,742 INFO o.a.j.JMeter: IP: 192.168.0.188 Name: LAPTOP-ABBQM2GM FullName: 192.168.0.188
2025-09-07 20:16:46,758 INFO o.a.j.JMeter: Setting property 'jmeter.reportgenerator.outputdir' to:'D:\JMETER\apache-jmeter-5.6.3\apache-jmeter-5.6.3\bin\Practise\jmeter_assignment2\Reports'
2025-09-07 20:16:46,758 INFO o.a.j.s.FileServer: Default base='D:\JMETER\apache-jmeter-5.6.3\apache-jmeter-5.6.3\bin\Practise\jmeter_assignment2'
2025-09-07 20:16:46,758 INFO o.a.j.s.FileServer: Set new base='D:\JMETER\apache-jmeter-5.6.3\apache-jmeter-5.6.3\bin\Practise\jmeter_assignment2\.'
2025-09-07 20:16:47,046 INFO o.a.j.s.SaveService: Testplan (JMX) version: 2.2. Testlog (JTL) version: 2.2
2025-09-07 20:16:47,091 INFO o.a.j.s.SaveService: Using SaveService properties version 5.0
2025-09-07 20:16:47,107 INFO o.a.j.s.SaveService: Using SaveService properties file encoding UTF-8
2025-09-07 20:16:47,107 INFO o.a.j.s.SaveService: Loading file: .\dmoney.jmx
2025-09-07 20:16:47,218 INFO o.a.j.p.h.s.HTTPSamplerBase: Parser for text/html is org.apache.jmeter.protocol.http.parser.LagartoBasedHtmlParser
2025-09-07 20:16:47,218 INFO o.a.j.p.h.s.HTTPSamplerBase: Parser for application/xhtml+xml is org.apache.jmeter.protocol.http.parser.LagartoBasedHtmlParser
2025-09-07 20:16:47,218 INFO o.a.j.p.h.s.HTTPSamplerBase: Parser for application/xml is org.apache.jmeter.protocol.http.parser.LagartoBasedHtmlParser
2025-09-07 20:16:47,218 INFO o.a.j.p.h.s.HTTPSamplerBase: Parser for text/xml is org.apache.jmeter.protocol.http.parser.LagartoBasedHtmlParser
2025-09-07 20:16:47,218 INFO o.a.j.p.h.s.HTTPSamplerBase: Parser for text/vnd.wap.wml is org.apache.jmeter.protocol.http.parser.RegexpHTMLParser
2025-09-07 20:16:47,218 INFO o.a.j.p.h.s.HTTPSamplerBase: Parser for text/css is org.apache.jmeter.protocol.http.parser.CssParser
2025-09-07 20:16:47,289 INFO o.a.j.JMeter: Creating summariser <summary>
2025-09-07 20:16:47,289 INFO o.a.j.r.d.ReportGenerator: ReportGenerator will use for Parsing the separator: ','
2025-09-07 20:16:47,289 INFO o.a.j.r.d.ReportGenerator: Will generate report at end of test from  results file: .dmoney.jtl
2025-09-07 20:16:47,289 INFO o.a.j.r.d.ReportGenerator: Reading report generator properties from: D:\JMETER\apache-jmeter-5.6.3\apache-jmeter-5.6.3\bin\reportgenerator.properties
2025-09-07 20:16:47,435 INFO o.a.j.r.d.ReportGenerator: Merging with JMeter properties
2025-09-07 20:16:47,441 INFO o.a.j.r.c.ReportGeneratorConfiguration: Property 'jmeter.reportgenerator.temp_dir' not found, using default value 'temp' instead.
2025-09-07 20:16:47,457 INFO o.a.j.r.c.ReportGeneratorConfiguration: Property 'jmeter.reportgenerator.apdex_per_transaction' not found, using default value 'null' instead.
2025-09-07 20:16:47,457 INFO o.a.j.r.c.ReportGeneratorConfiguration: apdex_per_transaction is empty, not APDEX per transaction customization
2025-09-07 20:16:47,457 INFO o.a.j.r.c.ReportGeneratorConfiguration: Property 'jmeter.reportgenerator.sample_filter' not found, using default value 'null' instead.
2025-09-07 20:16:47,457 INFO o.a.j.r.c.ReportGeneratorConfiguration: Property 'jmeter.reportgenerator.report_title' not found, using default value 'null' instead.
2025-09-07 20:16:47,457 INFO o.a.j.r.c.ReportGeneratorConfiguration: Property 'jmeter.reportgenerator.start_date' not found, using default value 'null' instead.
2025-09-07 20:16:47,457 INFO o.a.j.r.c.ReportGeneratorConfiguration: Property 'jmeter.reportgenerator.end_date' not found, using default value 'null' instead.
2025-09-07 20:16:47,457 INFO o.a.j.r.c.ReportGeneratorConfiguration: Property 'jmeter.reportgenerator.date_format' not found, using default value 'null' instead.
2025-09-07 20:16:47,457 INFO o.a.j.r.c.ReportGeneratorConfiguration: Will use date range start date: null, end date: null
2025-09-07 20:16:47,489 INFO o.a.j.r.c.ReportGeneratorConfiguration: Property 'jmeter.reportgenerator.graph.totalTPS.exclude_controllers' not found, using default value 'false' instead.
2025-09-07 20:16:47,489 INFO o.a.j.r.c.ReportGeneratorConfiguration: Property 'jmeter.reportgenerator.graph.activeThreadsOverTime.exclude_controllers' not found, using default value 'false' instead.
2025-09-07 20:16:47,489 INFO o.a.j.r.c.ReportGeneratorConfiguration: Property 'jmeter.reportgenerator.graph.timeVsThreads.exclude_controllers' not found, using default value 'false' instead.
2025-09-07 20:16:47,489 INFO o.a.j.r.c.ReportGeneratorConfiguration: Property 'jmeter.reportgenerator.graph.responseTimeDistribution.exclude_controllers' not found, using default value 'false' instead.
2025-09-07 20:16:47,489 INFO o.a.j.r.c.ReportGeneratorConfiguration: Property 'jmeter.reportgenerator.graph.transactionsPerSecond.exclude_controllers' not found, using default value 'false' instead.
2025-09-07 20:16:47,489 INFO o.a.j.r.c.ReportGeneratorConfiguration: Property 'jmeter.reportgenerator.graph.responseTimePercentiles.exclude_controllers' not found, using default value 'false' instead.
2025-09-07 20:16:47,489 INFO o.a.j.r.c.ReportGeneratorConfiguration: Property 'jmeter.reportgenerator.graph.responseTimePercentilesOverTime.exclude_controllers' not found, using default value 'false' instead.
2025-09-07 20:16:47,489 INFO o.a.j.r.c.ReportGeneratorConfiguration: Property 'jmeter.reportgenerator.graph.responseTimesOverTime.exclude_controllers' not found, using default value 'false' instead.
2025-09-07 20:16:47,489 INFO o.a.j.r.c.ReportGeneratorConfiguration: Property 'jmeter.reportgenerator.graph.connectTimeOverTime.exclude_controllers' not found, using default value 'false' instead.
2025-09-07 20:16:47,489 INFO o.a.j.r.c.ReportGeneratorConfiguration: Property 'jmeter.reportgenerator.graph.latenciesOverTime.exclude_controllers' not found, using default value 'false' instead.
2025-09-07 20:16:47,489 INFO o.a.j.r.c.ReportGeneratorConfiguration: Property 'jmeter.reportgenerator.exporter.json.filters_only_sample_series' not found, using default value 'true' instead.
2025-09-07 20:16:47,489 INFO o.a.j.r.c.ReportGeneratorConfiguration: Property 'jmeter.reportgenerator.exporter.json.series_filter' not found, using default value '' instead.
2025-09-07 20:16:47,489 INFO o.a.j.r.c.ReportGeneratorConfiguration: Property 'jmeter.reportgenerator.exporter.json.show_controllers_only' not found, using default value 'false' instead.
2025-09-07 20:16:47,489 INFO o.a.j.r.c.ReportGeneratorConfiguration: Property 'jmeter.reportgenerator.exporter.html.filters_only_sample_series' not found, using default value 'true' instead.
2025-09-07 20:16:47,505 INFO o.a.j.r.c.ReportGeneratorConfiguration: Property 'jmeter.reportgenerator.exporter.html.series_filter' not found, using default value '' instead.
2025-09-07 20:16:47,505 INFO o.a.j.r.c.ReportGeneratorConfiguration: Property 'jmeter.reportgenerator.exporter.html.show_controllers_only' not found, using default value 'false' instead.
2025-09-07 20:16:47,525 INFO o.a.j.e.StandardJMeterEngine: Running the test!
2025-09-07 20:16:47,525 INFO o.a.j.s.SampleEvent: List of sample_variables: []
2025-09-07 20:16:47,525 INFO o.a.j.s.SampleEvent: List of sample_variables: []
2025-09-07 20:16:47,525 INFO o.a.j.e.u.CompoundVariable: Note: Function class names must contain the string: '.functions.'
2025-09-07 20:16:47,525 INFO o.a.j.e.u.CompoundVariable: Note: Function class names must not contain the string: '.gui.'
2025-09-07 20:16:47,677 INFO o.a.j.JMeter: Running test (1757254607677)
2025-09-07 20:16:47,701 INFO o.a.j.e.StandardJMeterEngine: Starting ThreadGroup: 1 : User_Create
2025-09-07 20:16:47,701 INFO o.a.j.e.StandardJMeterEngine: Starting 1 threads for group User_Create.
2025-09-07 20:16:47,701 INFO o.a.j.e.StandardJMeterEngine: Thread will continue on error
2025-09-07 20:16:47,701 INFO o.a.j.t.ThreadGroup: Starting thread group... number=1 threads=1 ramp-up=1 delayedStart=false
2025-09-07 20:16:47,709 INFO o.a.j.t.ThreadGroup: Started thread group number 1
2025-09-07 20:16:47,709 INFO o.a.j.e.StandardJMeterEngine: Starting ThreadGroup: 2 : Deposit
2025-09-07 20:16:47,709 INFO o.a.j.e.StandardJMeterEngine: Starting 10 threads for group Deposit.
2025-09-07 20:16:47,709 INFO o.a.j.e.StandardJMeterEngine: Thread will continue on error
2025-09-07 20:16:47,709 INFO o.a.j.t.ThreadGroup: Starting thread group... number=2 threads=10 ramp-up=120 delayedStart=false
2025-09-07 20:16:47,726 INFO o.a.j.t.ThreadGroup: Started thread group number 2
2025-09-07 20:16:47,726 INFO o.a.j.e.StandardJMeterEngine: Starting ThreadGroup: 3 : Send_Money
2025-09-07 20:16:47,726 INFO o.a.j.e.StandardJMeterEngine: Starting 10 threads for group Send_Money.
2025-09-07 20:16:47,726 INFO o.a.j.e.StandardJMeterEngine: Thread will continue on error
2025-09-07 20:16:47,726 INFO o.a.j.t.ThreadGroup: Starting thread group... number=3 threads=10 ramp-up=120 delayedStart=false
2025-09-07 20:16:47,736 INFO o.a.j.t.ThreadGroup: Started thread group number 3
2025-09-07 20:16:47,739 INFO o.a.j.e.StandardJMeterEngine: Starting ThreadGroup: 4 : payment
2025-09-07 20:16:47,739 INFO o.a.j.e.StandardJMeterEngine: Starting 5 threads for group payment.
2025-09-07 20:16:47,739 INFO o.a.j.e.StandardJMeterEngine: Thread will continue on error
2025-09-07 20:16:47,739 INFO o.a.j.t.ThreadGroup: Starting thread group... number=4 threads=5 ramp-up=120 delayedStart=false
2025-09-07 20:16:47,745 INFO o.a.j.t.ThreadGroup: Started thread group number 4
2025-09-07 20:16:47,745 INFO o.a.j.e.StandardJMeterEngine: All thread groups have been started
2025-09-07 20:16:47,830 INFO o.a.j.t.JMeterThread: Thread started: Send_Money 3-1
2025-09-07 20:16:47,830 INFO o.a.j.t.JMeterThread: Thread started: Deposit 2-1
2025-09-07 20:16:47,831 INFO o.a.j.t.JMeterThread: Thread started: payment 4-1
2025-09-07 20:16:47,831 INFO o.a.j.t.JMeterThread: Thread started: User_Create 1-1
2025-09-07 20:16:47,839 INFO o.a.j.s.FileServer: Stored: D:/JMETER/apache-jmeter-5.6.3/apache-jmeter-5.6.3/bin/Practise/jmeter_assignment2/sendmoney - Sheet1.csv
2025-09-07 20:16:47,892 INFO o.a.j.p.h.s.HTTPHCAbstractImpl: Local host = LAPTOP-ABBQM2GM
2025-09-07 20:16:47,896 INFO o.a.j.s.FileServer: Stored: D:/JMETER/apache-jmeter-5.6.3/apache-jmeter-5.6.3/bin/Practise/jmeter_assignment2/payment - Sheet1.csv
2025-09-07 20:16:47,897 INFO o.a.j.s.FileServer: Stored: D:/JMETER/apache-jmeter-5.6.3/apache-jmeter-5.6.3/bin/Practise/jmeter_assignment2/Deposit.csv
2025-09-07 20:16:47,903 INFO o.a.j.p.h.s.HTTPHC4Impl: HTTP request retry count = 0
2025-09-07 20:16:47,907 INFO o.a.j.s.SampleResult: Note: Sample TimeStamps are START times
2025-09-07 20:16:47,907 INFO o.a.j.s.SampleResult: sampleresult.default.encoding is set to UTF-8
2025-09-07 20:16:47,907 INFO o.a.j.s.SampleResult: sampleresult.useNanoTime=true
2025-09-07 20:16:47,907 INFO o.a.j.s.SampleResult: sampleresult.nanoThreadSleep=5000
2025-09-07 20:16:48,094 INFO o.a.j.p.h.s.h.LazyLayeredConnectionSocketFactory: Setting up HTTPS TrustAll Socket Factory
2025-09-07 20:16:48,094 INFO o.a.j.u.JsseSSLManager: Using default SSL protocol: TLS
2025-09-07 20:16:48,094 INFO o.a.j.u.JsseSSLManager: SSL session context: per-thread
2025-09-07 20:16:48,261 INFO o.a.j.u.SSLManager: JmeterKeyStore Location:  type JKS
2025-09-07 20:16:48,268 INFO o.a.j.u.SSLManager: KeyStore created OK
2025-09-07 20:16:48,268 WARN o.a.j.u.SSLManager: Keystore file not found, loading empty keystore
2025-09-07 20:16:48,849 INFO o.a.j.s.FileServer: Stored: D:/JMETER/apache-jmeter-5.6.3/apache-jmeter-5.6.3/bin/Practise/jmeter_assignment2/Users - Sheet1.csv
2025-09-07 20:16:49,141 INFO o.a.j.t.JMeterThread: Thread is done: Send_Money 3-1
2025-09-07 20:16:49,141 INFO o.a.j.t.JMeterThread: Thread finished: Send_Money 3-1
2025-09-07 20:16:49,191 INFO o.a.j.t.JMeterThread: Thread is done: payment 4-1
2025-09-07 20:16:49,191 INFO o.a.j.t.JMeterThread: Thread finished: payment 4-1
2025-09-07 20:16:49,214 INFO o.a.j.t.JMeterThread: Thread is done: Deposit 2-1
2025-09-07 20:16:49,214 INFO o.a.j.t.JMeterThread: Thread finished: Deposit 2-1
2025-09-07 20:16:51,392 INFO o.a.j.t.JMeterThread: Thread is done: User_Create 1-1
2025-09-07 20:16:51,392 INFO o.a.j.t.JMeterThread: Thread finished: User_Create 1-1
2025-09-07 20:16:59,828 INFO o.a.j.t.JMeterThread: Thread started: Send_Money 3-2
2025-09-07 20:16:59,830 INFO o.a.j.t.JMeterThread: Thread started: Deposit 2-2
2025-09-07 20:17:00,037 INFO o.a.j.r.Summariser: summary +     35 in 00:00:12 =    2.8/s Avg:   190 Min:    87 Max:   741 Err:     0 (0.00%) Active: 2 Started: 6 Finished: 4
2025-09-07 20:17:00,149 INFO o.a.j.t.JMeterThread: Thread is done: Send_Money 3-2
2025-09-07 20:17:00,149 INFO o.a.j.t.JMeterThread: Thread finished: Send_Money 3-2
2025-09-07 20:17:00,245 INFO o.a.j.t.JMeterThread: Thread is done: Deposit 2-2
2025-09-07 20:17:00,245 INFO o.a.j.t.JMeterThread: Thread finished: Deposit 2-2
2025-09-07 20:17:11,829 INFO o.a.j.t.JMeterThread: Thread started: Send_Money 3-3
2025-09-07 20:17:11,829 INFO o.a.j.t.JMeterThread: Thread started: Deposit 2-3
2025-09-07 20:17:11,845 INFO o.a.j.t.JMeterThread: Thread started: payment 4-2
2025-09-07 20:17:12,285 INFO o.a.j.t.JMeterThread: Thread is done: Deposit 2-3
2025-09-07 20:17:12,285 INFO o.a.j.t.JMeterThread: Thread finished: Deposit 2-3
2025-09-07 20:17:12,306 INFO o.a.j.t.JMeterThread: Thread is done: payment 4-2
2025-09-07 20:17:12,306 INFO o.a.j.t.JMeterThread: Thread finished: payment 4-2
2025-09-07 20:17:12,319 INFO o.a.j.t.JMeterThread: Thread is done: Send_Money 3-3
2025-09-07 20:17:12,319 INFO o.a.j.t.JMeterThread: Thread finished: Send_Money 3-3
2025-09-07 20:17:23,825 INFO o.a.j.t.JMeterThread: Thread started: Deposit 2-4
2025-09-07 20:17:23,841 INFO o.a.j.t.JMeterThread: Thread started: Send_Money 3-4
2025-09-07 20:17:24,240 INFO o.a.j.t.JMeterThread: Thread is done: Send_Money 3-4
2025-09-07 20:17:24,240 INFO o.a.j.t.JMeterThread: Thread finished: Send_Money 3-4
2025-09-07 20:17:24,256 INFO o.a.j.t.JMeterThread: Thread is done: Deposit 2-4
2025-09-07 20:17:24,256 INFO o.a.j.t.JMeterThread: Thread finished: Deposit 2-4
2025-09-07 20:17:35,842 INFO o.a.j.t.JMeterThread: Thread started: Send_Money 3-5
2025-09-07 20:17:35,842 INFO o.a.j.t.JMeterThread: Thread started: Deposit 2-5
2025-09-07 20:17:35,842 INFO o.a.j.t.JMeterThread: Thread started: payment 4-3
2025-09-07 20:17:36,257 INFO o.a.j.t.JMeterThread: Thread is done: payment 4-3
2025-09-07 20:17:36,257 INFO o.a.j.t.JMeterThread: Thread finished: payment 4-3
2025-09-07 20:17:36,322 INFO o.a.j.t.JMeterThread: Thread is done: Send_Money 3-5
2025-09-07 20:17:36,322 INFO o.a.j.t.JMeterThread: Thread finished: Send_Money 3-5
2025-09-07 20:17:36,338 INFO o.a.j.t.JMeterThread: Thread is done: Deposit 2-5
2025-09-07 20:17:36,338 INFO o.a.j.t.JMeterThread: Thread finished: Deposit 2-5
2025-09-07 20:17:47,832 INFO o.a.j.t.JMeterThread: Thread started: Send_Money 3-6
2025-09-07 20:17:47,832 INFO o.a.j.t.JMeterThread: Thread started: Deposit 2-6
2025-09-07 20:17:48,152 INFO o.a.j.t.JMeterThread: Thread is done: Send_Money 3-6
2025-09-07 20:17:48,152 INFO o.a.j.t.JMeterThread: Thread finished: Send_Money 3-6
2025-09-07 20:17:48,265 INFO o.a.j.t.JMeterThread: Thread is done: Deposit 2-6
2025-09-07 20:17:48,265 INFO o.a.j.t.JMeterThread: Thread finished: Deposit 2-6
2025-09-07 20:17:59,834 INFO o.a.j.t.JMeterThread: Thread started: Deposit 2-7
2025-09-07 20:17:59,834 INFO o.a.j.t.JMeterThread: Thread started: payment 4-4
2025-09-07 20:17:59,834 INFO o.a.j.t.JMeterThread: Thread started: Send_Money 3-7
2025-09-07 20:18:00,057 INFO o.a.j.r.Summariser: summary +     24 in 00:01:00 =    0.4/s Avg:   215 Min:   118 Max:   274 Err:     0 (0.00%) Active: 3 Started: 19 Finished: 16
2025-09-07 20:18:00,057 INFO o.a.j.r.Summariser: summary =     59 in 00:01:12 =    0.8/s Avg:   200 Min:    87 Max:   741 Err:     0 (0.00%)
2025-09-07 20:18:00,173 INFO o.a.j.t.JMeterThread: Thread is done: Send_Money 3-7
2025-09-07 20:18:00,173 INFO o.a.j.t.JMeterThread: Thread finished: Send_Money 3-7
2025-09-07 20:18:00,305 INFO o.a.j.t.JMeterThread: Thread is done: payment 4-4
2025-09-07 20:18:00,305 INFO o.a.j.t.JMeterThread: Thread finished: payment 4-4
2025-09-07 20:18:00,338 INFO o.a.j.t.JMeterThread: Thread is done: Deposit 2-7
2025-09-07 20:18:00,338 INFO o.a.j.t.JMeterThread: Thread finished: Deposit 2-7
2025-09-07 20:18:11,816 INFO o.a.j.t.JMeterThread: Thread started: Deposit 2-8
2025-09-07 20:18:11,832 INFO o.a.j.t.JMeterThread: Thread started: Send_Money 3-8
2025-09-07 20:18:12,154 INFO o.a.j.t.JMeterThread: Thread is done: Send_Money 3-8
2025-09-07 20:18:12,154 INFO o.a.j.t.JMeterThread: Thread finished: Send_Money 3-8
2025-09-07 20:18:12,244 INFO o.a.j.t.JMeterThread: Thread is done: Deposit 2-8
2025-09-07 20:18:12,244 INFO o.a.j.t.JMeterThread: Thread finished: Deposit 2-8
2025-09-07 20:18:23,823 INFO o.a.j.t.JMeterThread: Thread started: Send_Money 3-9
2025-09-07 20:18:23,823 INFO o.a.j.t.JMeterThread: Thread started: Deposit 2-9
2025-09-07 20:18:23,839 INFO o.a.j.t.JMeterThread: Thread started: payment 4-5
2025-09-07 20:18:24,206 INFO o.a.j.t.JMeterThread: Thread is done: Send_Money 3-9
2025-09-07 20:18:24,206 INFO o.a.j.t.JMeterThread: Thread finished: Send_Money 3-9
2025-09-07 20:18:24,238 INFO o.a.j.t.JMeterThread: Thread is done: payment 4-5
2025-09-07 20:18:24,238 INFO o.a.j.t.JMeterThread: Thread finished: payment 4-5
2025-09-07 20:18:24,301 INFO o.a.j.t.JMeterThread: Thread is done: Deposit 2-9
2025-09-07 20:18:24,301 INFO o.a.j.t.JMeterThread: Thread finished: Deposit 2-9
2025-09-07 20:18:35,821 INFO o.a.j.t.JMeterThread: Thread started: Deposit 2-10
2025-09-07 20:18:35,837 INFO o.a.j.t.JMeterThread: Thread started: Send_Money 3-10
2025-09-07 20:18:36,139 INFO o.a.j.t.JMeterThread: Thread is done: Send_Money 3-10
2025-09-07 20:18:36,155 INFO o.a.j.t.JMeterThread: Thread finished: Send_Money 3-10
2025-09-07 20:18:36,250 INFO o.a.j.t.JMeterThread: Thread is done: Deposit 2-10
2025-09-07 20:18:36,250 INFO o.a.j.t.JMeterThread: Thread finished: Deposit 2-10
2025-09-07 20:18:36,250 INFO o.a.j.e.StandardJMeterEngine: Notifying test listeners of end of test
2025-09-07 20:18:36,250 INFO o.a.j.s.FileServer: Close: D:/JMETER/apache-jmeter-5.6.3/apache-jmeter-5.6.3/bin/Practise/jmeter_assignment2/Deposit.csv
2025-09-07 20:18:36,250 INFO o.a.j.s.FileServer: Close: D:/JMETER/apache-jmeter-5.6.3/apache-jmeter-5.6.3/bin/Practise/jmeter_assignment2/sendmoney - Sheet1.csv
2025-09-07 20:18:36,250 INFO o.a.j.s.FileServer: Close: D:/JMETER/apache-jmeter-5.6.3/apache-jmeter-5.6.3/bin/Practise/jmeter_assignment2/payment - Sheet1.csv
2025-09-07 20:18:36,250 INFO o.a.j.s.FileServer: Close: D:/JMETER/apache-jmeter-5.6.3/apache-jmeter-5.6.3/bin/Practise/jmeter_assignment2/Users - Sheet1.csv
2025-09-07 20:18:36,250 INFO o.a.j.r.Summariser: summary +     19 in 00:00:36 =    0.5/s Avg:   202 Min:   111 Max:   278 Err:     0 (0.00%) Active: 0 Started: 26 Finished: 26
2025-09-07 20:18:36,250 INFO o.a.j.r.Summariser: summary =     78 in 00:01:49 =    0.7/s Avg:   201 Min:    87 Max:   741 Err:     0 (0.00%)
2025-09-07 20:18:36,261 INFO o.a.j.JMeter: Generating Dashboard
2025-09-07 20:18:36,261 INFO o.a.j.r.d.ReportGenerator: Flushing result collector before report Generation
2025-09-07 20:18:36,298 INFO o.a.j.r.p.NormalizerSampleConsumer: Using format, 'ms', to parse timeStamp field
2025-09-07 20:18:36,537 INFO o.a.j.r.p.AbstractSampleConsumer: class org.apache.jmeter.report.processor.AggregateConsumer#stopProducing(): beginDate produced 0 samples
2025-09-07 20:18:36,537 INFO o.a.j.r.p.AbstractSampleConsumer: class org.apache.jmeter.report.processor.AggregateConsumer#stopProducing(): endDate produced 0 samples
2025-09-07 20:18:36,537 INFO o.a.j.r.p.AbstractSampleConsumer: class org.apache.jmeter.report.processor.ApdexSummaryConsumer#stopProducing(): apdexSummary produced 0 samples
2025-09-07 20:18:36,537 INFO o.a.j.r.p.AbstractSampleConsumer: class org.apache.jmeter.report.processor.RequestsSummaryConsumer#stopProducing(): requestsSummary produced 0 samples
2025-09-07 20:18:36,552 INFO o.a.j.r.p.AbstractSampleConsumer: class org.apache.jmeter.report.processor.StatisticsSummaryConsumer#stopProducing(): statisticsSummary produced 0 samples
2025-09-07 20:18:36,552 INFO o.a.j.r.p.AbstractSampleConsumer: class org.apache.jmeter.report.processor.Top5ErrorsBySamplerConsumer#stopProducing(): top5ErrorsBySampler produced 0 samples
2025-09-07 20:18:36,552 INFO o.a.j.r.p.AbstractSampleConsumer: class org.apache.jmeter.report.processor.ErrorsSummaryConsumer#stopProducing(): errorsSummary produced 0 samples
2025-09-07 20:18:36,552 INFO o.a.j.r.p.AbstractSampleConsumer: class org.apache.jmeter.report.processor.graph.impl.HitsPerSecondGraphConsumer#stopProducing(): hitsPerSecond produced 0 samples
2025-09-07 20:18:36,616 INFO o.a.j.r.p.AbstractSampleConsumer: class org.apache.jmeter.report.processor.graph.impl.LatencyVSRequestGraphConsumer#stopProducing(): latencyVsRequest produced 0 samples
2025-09-07 20:18:36,616 INFO o.a.j.r.p.AbstractSampleConsumer: class org.apache.jmeter.report.processor.graph.impl.SyntheticResponseTimeDistributionGraphConsumer#stopProducing(): syntheticResponseTimeDistribution produced 0 samples
2025-09-07 20:18:36,616 INFO o.a.j.r.p.AbstractSampleConsumer: class org.apache.jmeter.report.processor.graph.impl.BytesThroughputGraphConsumer#stopProducing(): bytesThroughputOverTime produced 0 samples
2025-09-07 20:18:36,616 INFO o.a.j.r.p.AbstractSampleConsumer: class org.apache.jmeter.report.processor.graph.impl.CodesPerSecondGraphConsumer#stopProducing(): codesPerSecond produced 0 samples
2025-09-07 20:18:36,648 INFO o.a.j.r.p.AbstractSampleConsumer: class org.apache.jmeter.report.processor.graph.impl.ResponseTimeVSRequestGraphConsumer#stopProducing(): responseTimeVsRequest produced 0 samples
2025-09-07 20:18:36,648 INFO o.a.j.r.p.AbstractSampleConsumer: class org.apache.jmeter.report.processor.FilterConsumer#stopProducing(): startIntervalControlerFilter produced 546 samples
2025-09-07 20:18:36,648 INFO o.a.j.r.p.AbstractSampleConsumer: class org.apache.jmeter.report.processor.graph.impl.TotalTPSGraphConsumer#stopProducing(): totalTPS produced 0 samples
2025-09-07 20:18:36,648 INFO o.a.j.r.p.AbstractSampleConsumer: class org.apache.jmeter.report.processor.graph.impl.ActiveThreadsGraphConsumer#stopProducing(): activeThreadsOverTime produced 0 samples
2025-09-07 20:18:36,648 INFO o.a.j.r.p.AbstractSampleConsumer: class org.apache.jmeter.report.processor.graph.impl.TimeVSThreadGraphConsumer#stopProducing(): timeVsThreads produced 0 samples
2025-09-07 20:18:36,648 INFO o.a.j.r.p.AbstractSampleConsumer: class org.apache.jmeter.report.processor.graph.impl.ResponseTimeDistributionGraphConsumer#stopProducing(): responseTimeDistribution produced 0 samples
2025-09-07 20:18:36,648 INFO o.a.j.r.p.AbstractSampleConsumer: class org.apache.jmeter.report.processor.graph.impl.TransactionsPerSecondGraphConsumer#stopProducing(): transactionsPerSecond produced 0 samples
2025-09-07 20:18:36,648 INFO o.a.j.r.p.AbstractSampleConsumer: class org.apache.jmeter.report.processor.graph.impl.ResponseTimePercentilesGraphConsumer#stopProducing(): responseTimePercentiles produced 0 samples
2025-09-07 20:18:36,648 INFO o.a.j.r.p.AbstractSampleConsumer: class org.apache.jmeter.report.processor.graph.impl.ResponseTimePercentilesOverTimeGraphConsumer#stopProducing(): responseTimePercentilesOverTime produced 0 samples
2025-09-07 20:18:36,648 INFO o.a.j.r.p.AbstractSampleConsumer: class org.apache.jmeter.report.processor.graph.impl.ResponseTimeOverTimeGraphConsumer#stopProducing(): responseTimesOverTime produced 0 samples
2025-09-07 20:18:36,648 INFO o.a.j.r.p.AbstractSampleConsumer: class org.apache.jmeter.report.processor.graph.impl.ConnectTimeOverTimeGraphConsumer#stopProducing(): connectTimeOverTime produced 0 samples
2025-09-07 20:18:36,648 INFO o.a.j.r.p.AbstractSampleConsumer: class org.apache.jmeter.report.processor.graph.impl.LatencyOverTimeGraphConsumer#stopProducing(): latenciesOverTime produced 0 samples
2025-09-07 20:18:36,648 INFO o.a.j.r.p.AbstractSampleConsumer: class org.apache.jmeter.report.processor.FilterConsumer#stopProducing(): nameFilter produced 1170 samples
2025-09-07 20:18:36,648 INFO o.a.j.r.p.AbstractSampleConsumer: class org.apache.jmeter.report.processor.FilterConsumer#stopProducing(): dateRangeFilter produced 234 samples
2025-09-07 20:18:36,648 INFO o.a.j.r.p.AbstractSampleConsumer: class org.apache.jmeter.report.processor.NormalizerSampleConsumer#stopProducing(): normalizer produced 78 samples
2025-09-07 20:18:36,648 INFO o.a.j.r.p.CsvFileSampleSource: produce(): 78 samples produced in 220ms on channel 0
2025-09-07 20:18:36,648 INFO o.a.j.r.d.ReportGenerator: Exporting data using exporter:'json' of className:'org.apache.jmeter.report.dashboard.JsonExporter'
2025-09-07 20:18:36,760 INFO o.a.j.r.d.JsonExporter: Found data for consumer statisticsSummary in context
2025-09-07 20:18:36,760 INFO o.a.j.r.d.JsonExporter: Creating statistics for overall
2025-09-07 20:18:36,760 INFO o.a.j.r.d.JsonExporter: Creating statistics for other transactions
2025-09-07 20:18:36,760 INFO o.a.j.r.d.JsonExporter: Checking output folder
2025-09-07 20:18:36,772 INFO o.a.j.r.d.JsonExporter: Writing statistics JSON to D:\JMETER\apache-jmeter-5.6.3\apache-jmeter-5.6.3\bin\Practise\jmeter_assignment2\Reports\statistics.json
2025-09-07 20:18:36,871 INFO o.a.j.r.d.ReportGenerator: Exporting data using exporter:'html' of className:'org.apache.jmeter.report.dashboard.HtmlTemplateExporter'
2025-09-07 20:18:36,871 INFO o.a.j.r.d.HtmlTemplateExporter: Will generate dashboard in folder: D:\JMETER\apache-jmeter-5.6.3\apache-jmeter-5.6.3\bin\Practise\jmeter_assignment2\Reports
2025-09-07 20:18:37,137 INFO o.a.j.r.d.HtmlTemplateExporter: Report will be generated in: D:\JMETER\apache-jmeter-5.6.3\apache-jmeter-5.6.3\bin\Practise\jmeter_assignment2\Reports, creating folder structure
2025-09-07 20:18:37,141 INFO o.a.j.r.d.TemplateVisitor: Copying folder from 'D:\JMETER\apache-jmeter-5.6.3\apache-jmeter-5.6.3\bin\report-template' to 'D:\JMETER\apache-jmeter-5.6.3\apache-jmeter-5.6.3\bin\Practise\jmeter_assignment2\Reports', got message: D:\JMETER\apache-jmeter-5.6.3\apache-jmeter-5.6.3\bin\Practise\jmeter_assignment2\Reports, found non empty folder with following content [D:\JMETER\apache-jmeter-5.6.3\apache-jmeter-5.6.3\bin\Practise\jmeter_assignment2\Reports\statistics.json], will be ignored
2025-09-07 20:18:38,317 INFO o.a.j.JMeter: Dashboard generated
